Please select a dataset from cat, horse, wolf:
Please select bins from 4, 5, 6:
Start Loading Data
Build Q= (3, 340)
Start ICP!
0  :  25539.56017252019
1  :  17226.84410850091
2  :  17226.84410850091
3  :  17226.84410850091
4  :  17226.84410850091
5  :  17226.84410850091
6  :  17226.84410850091
7  :  17226.84410850091
8  :  17226.84410850091
9  :  17226.84410850091
10  :  17226.84410850091
11  :  17226.84410850091
12  :  17226.84410850091
13  :  17226.84410850091
14  :  17226.84410850091
15  :  17226.84410850091
16  :  17226.84410850091
17  :  17226.84410850091
18  :  17226.84410850091
19  :  17226.84410850091
Iteration 20
20  :  17226.84410850091
21  :  17226.84410850091
22  :  17226.84410850091
23  :  17226.84410850091
24  :  17226.84410850091
25  :  17226.84410850091
26  :  17226.84410850091
27  :  17226.84410850091
28  :  17226.84410850091
29  :  17226.84410850091
30  :  17226.84410850091
31  :  17226.84410850091
-816964.4187348909
Time Cost Total= 21.833160400390625
Time Cost for filtering points = 12.213186740875244
Time Cost for feature generation = 8.222074747085571
Time Cost for join = 0.6152193546295166
Time for transform= 0.007967948913574219
Itr Total= 32
Avg Selected Point= 340.0
Best Cost is:  17226.84410850091
(3, 340)
pc= 3400  pt= [[-17.8852814 ]
 [ 10.99010333]
 [ 39.82283969]]
pc= 3400  pt= [[-16.0342    ]
 [ 16.83602122]
 [ 41.17422615]]
