Please select a dataset from cat, horse, wolf:
Start Loading Data
Build Q= (3, 340)
Start ICP!
0  :  8205.79558982035
1  :  6668.0370586137
2  :  6668.0370586137
3  :  6668.0370586137
4  :  6668.0370586137
5  :  6668.0370586137
6  :  6668.0370586137
7  :  6668.0370586137
8  :  6668.0370586137
9  :  6668.0370586137
10  :  6668.0370586137
11  :  6668.0370586137
12  :  6668.0370586137
13  :  6668.0370586137
14  :  6668.0370586137
15  :  6668.0370586137
16  :  6668.0370586137
17  :  6620.267846152269
18  :  6620.267846152269
19  :  6620.267846152269
Iteration 20
20  :  6620.267846152269
21  :  6620.267846152269
22  :  6620.267846152269
23  :  6620.267846152269
24  :  6620.267846152269
25  :  6620.267846152269
26  :  6620.267846152269
27  :  6620.267846152269
28  :  6620.267846152269
29  :  6620.267846152269
30  :  6620.267846152269
31  :  6620.267846152269
-34011.45722265325
Time Cost Total= 22.87120223045349
Time Cost for filtering points = 12.685554265975952
Time Cost for feature generation = 8.337453126907349
Time Cost for join = 1.0556213855743408
Time for transform= 0.008775472640991211
Itr Total= 32
Avg Selected Point= 340.0
Best Cost is:  6620.267846152269
(3, 340)
pc= 3400  pt= [[-16.04439068]
 [ 18.73676195]
 [ 45.30004526]]
pc= 3400  pt= [[-16.0342    ]
 [ 16.83602122]
 [ 41.17422615]]
