Please select a dataset from cat, horse, wolf:
Please select bins from 4, 5, 6:
Start Loading Data
Build Q= (3, 340)
Start ICP!
0  :  18003.140344885338
1  :  18003.140344885338
2  :  18003.140344885338
3  :  18003.140344885338
4  :  18003.140344885338
5  :  18003.140344885338
6  :  18003.140344885338
7  :  18003.140344885338
8  :  18003.140344885338
9  :  18003.140344885338
10  :  18003.140344885338
11  :  18003.140344885338
12  :  18003.140344885338
13  :  18003.140344885338
14  :  18003.140344885338
15  :  18003.140344885338
16  :  18003.140344885338
17  :  18003.140344885338
18  :  18003.140344885338
19  :  18003.140344885338
Iteration 20
20  :  18003.140344885338
21  :  18003.140344885338
22  :  18003.140344885338
23  :  13577.255703840077
24  :  13577.255703840077
25  :  9724.33346823518
26  :  9724.33346823518
27  :  9724.33346823518
28  :  9724.33346823518
29  :  9724.33346823518
30  :  9724.33346823518
31  :  9724.33346823518
-183703.93149266834
Time Cost Total= 23.466742038726807
Time Cost for filtering points = 12.897683143615723
Time Cost for feature generation = 8.199974536895752
Time Cost for join = 1.6046826839447021
Time for transform= 0.008661270141601562
Itr Total= 32
Avg Selected Point= 340.0
Best Cost is:  9724.33346823518
(3, 340)
pc= 3400  pt= [[-18.93248382]
 [ 13.21325675]
 [ 45.71050982]]
pc= 3400  pt= [[-16.0342    ]
 [ 16.83602122]
 [ 41.17422615]]
